<?xml version="1.0" encoding="UTF-8"?>
<!-- Generated by org.testng.reporters.JUnitXMLReporter -->
<testsuite ignored="0" hostname="Asra" failures="10" tests="30" name="chrome" time="1.954" errors="0" timestamp="2025-08-01T00:57:57 EDT">
  <testcase classname="testCases.TC6_AddToWishList" name="testAddToWishList" time="0.032">
    <skipped/>
  </testcase> <!-- testAddToWishList -->
  <testcase classname="testCases.TC6_AddToWishList" name="testAddToWishList" time="0.003">
    <skipped/>
  </testcase> <!-- testAddToWishList -->
  <testcase classname="testCases.TC6_AddToWishList" name="testAddToWishList" time="0.003">
    <failure type="java.lang.AssertionError" message="Test failed due to unexpected error: Cannot invoke &amp;quot;org.openqa.selenium.SearchContext.findElement(org.openqa.selenium.By)&amp;quot; because &amp;quot;this.searchContext&amp;quot; is null">
      <![CDATA[java.lang.AssertionError: Test failed due to unexpected error: Cannot invoke "org.openqa.selenium.SearchContext.findElement(org.openqa.selenium.By)" because "this.searchContext" is null
at testCases.TC6_AddToWishList.testAddToWishList(TC6_AddToWishList.java:75)
at java.base/java.util.ArrayList.forEach(ArrayList.java:1596)
at java.base/java.util.concurrent.FutureTask.run(FutureTask.java:317)
at java.base/java.util.concurrent.ThreadPoolExecutor.runWorker(ThreadPoolExecutor.java:1144)
at java.base/java.util.concurrent.ThreadPoolExecutor$Worker.run(ThreadPoolExecutor.java:642)
at java.base/java.lang.Thread.run(Thread.java:1583)
... Removed 16 stack frames]]>
    </failure>
  </testcase> <!-- testAddToWishList -->
  <testcase classname="testCases.TC01_LaunchApplication" name="testLaunchApplication" time="0.004">
    <skipped/>
  </testcase> <!-- testLaunchApplication -->
  <testcase classname="testCases.TC01_LaunchApplication" name="testLaunchApplication" time="0.003">
    <skipped/>
  </testcase> <!-- testLaunchApplication -->
  <testcase classname="testCases.TC01_LaunchApplication" name="testLaunchApplication" time="0.002">
    <failure type="java.lang.AssertionError" message="Test failed due to unexpected error: Cannot invoke &amp;quot;org.openqa.selenium.WebDriver.getTitle()&amp;quot; because the return value of &amp;quot;testCases.TC01_LaunchApplication.getDriver()&amp;quot; is null">
      <![CDATA[java.lang.AssertionError: Test failed due to unexpected error: Cannot invoke "org.openqa.selenium.WebDriver.getTitle()" because the return value of "testCases.TC01_LaunchApplication.getDriver()" is null
at testCases.TC01_LaunchApplication.testLaunchApplication(TC01_LaunchApplication.java:42)
at java.base/java.util.ArrayList.forEach(ArrayList.java:1596)
at java.base/java.util.concurrent.FutureTask.run(FutureTask.java:317)
at java.base/java.util.concurrent.ThreadPoolExecutor.runWorker(ThreadPoolExecutor.java:1144)
at java.base/java.util.concurrent.ThreadPoolExecutor$Worker.run(ThreadPoolExecutor.java:642)
at java.base/java.lang.Thread.run(Thread.java:1583)
... Removed 16 stack frames]]>
    </failure>
  </testcase> <!-- testLaunchApplication -->
  <testcase classname="testCases.TC4_AddAffiliate" name="testAddAffiliate" time="0.007">
    <skipped/>
  </testcase> <!-- testAddAffiliate -->
  <testcase classname="testCases.TC4_AddAffiliate" name="testAddAffiliate" time="0.003">
    <skipped/>
  </testcase> <!-- testAddAffiliate -->
  <testcase classname="testCases.TC4_AddAffiliate" name="testAddAffiliate" time="0.004">
    <failure type="java.lang.AssertionError" message="Test failed due to unexpected error: Cannot invoke &amp;quot;org.openqa.selenium.SearchContext.findElement(org.openqa.selenium.By)&amp;quot; because &amp;quot;this.searchContext&amp;quot; is null">
      <![CDATA[java.lang.AssertionError: Test failed due to unexpected error: Cannot invoke "org.openqa.selenium.SearchContext.findElement(org.openqa.selenium.By)" because "this.searchContext" is null
at testCases.TC4_AddAffiliate.testAddAffiliate(TC4_AddAffiliate.java:65)
at java.base/java.util.ArrayList.forEach(ArrayList.java:1596)
at java.base/java.util.concurrent.FutureTask.run(FutureTask.java:317)
at java.base/java.util.concurrent.ThreadPoolExecutor.runWorker(ThreadPoolExecutor.java:1144)
at java.base/java.util.concurrent.ThreadPoolExecutor$Worker.run(ThreadPoolExecutor.java:642)
at java.base/java.lang.Thread.run(Thread.java:1583)
... Removed 16 stack frames]]>
    </failure>
  </testcase> <!-- testAddAffiliate -->
  <testcase classname="testCases.TC3_AddToCart" name="addtocart" time="0.006">
    <skipped/>
  </testcase> <!-- addtocart -->
  <testcase classname="testCases.TC3_AddToCart" name="addtocart" time="0.003">
    <skipped/>
  </testcase> <!-- addtocart -->
  <testcase classname="testCases.TC3_AddToCart" name="addtocart" time="0.004">
    <failure type="java.lang.AssertionError" message="Test failed due to unexpected error: Cannot invoke &amp;quot;org.openqa.selenium.JavascriptExecutor.executeScript(String, Object[])&amp;quot; because &amp;quot;this.driver&amp;quot; is null">
      <![CDATA[java.lang.AssertionError: Test failed due to unexpected error: Cannot invoke "org.openqa.selenium.JavascriptExecutor.executeScript(String, Object[])" because "this.driver" is null
at testCases.TC3_AddToCart.addtocart(TC3_AddToCart.java:59)
at java.base/java.util.ArrayList.forEach(ArrayList.java:1596)
at java.base/java.util.concurrent.FutureTask.run(FutureTask.java:317)
at java.base/java.util.concurrent.ThreadPoolExecutor.runWorker(ThreadPoolExecutor.java:1144)
at java.base/java.util.concurrent.ThreadPoolExecutor$Worker.run(ThreadPoolExecutor.java:642)
at java.base/java.lang.Thread.run(Thread.java:1583)
... Removed 16 stack frames]]>
    </failure>
  </testcase> <!-- addtocart -->
  <testcase classname="testCases.TC2_Login" name="testLogin" time="0.002">
    <skipped/>
  </testcase> <!-- testLogin -->
  <testcase classname="testCases.TC2_Login" name="testLogin" time="0.001">
    <skipped/>
  </testcase> <!-- testLogin -->
  <testcase classname="testCases.TC2_Login" name="testLogin" time="0.003">
    <failure type="java.lang.AssertionError" message="Unexpected error: Cannot invoke &amp;quot;org.openqa.selenium.SearchContext.findElement(org.openqa.selenium.By)&amp;quot; because &amp;quot;this.searchContext&amp;quot; is null">
      <![CDATA[java.lang.AssertionError: Unexpected error: Cannot invoke "org.openqa.selenium.SearchContext.findElement(org.openqa.selenium.By)" because "this.searchContext" is null
at testCases.TC2_Login.testLogin(TC2_Login.java:72)
at java.base/java.util.ArrayList.forEach(ArrayList.java:1596)
at java.base/java.util.concurrent.FutureTask.run(FutureTask.java:317)
at java.base/java.util.concurrent.ThreadPoolExecutor.runWorker(ThreadPoolExecutor.java:1144)
at java.base/java.util.concurrent.ThreadPoolExecutor$Worker.run(ThreadPoolExecutor.java:642)
at java.base/java.lang.Thread.run(Thread.java:1583)
... Removed 16 stack frames]]>
    </failure>
  </testcase> <!-- testLogin -->
  <testcase classname="testCases.TC2_Login" name="testLogin" time="0.003">
    <skipped/>
  </testcase> <!-- testLogin -->
  <testcase classname="testCases.TC2_Login" name="testLogin" time="0.003">
    <skipped/>
  </testcase> <!-- testLogin -->
  <testcase classname="testCases.TC2_Login" name="testLogin" time="0.002">
    <failure type="java.lang.AssertionError" message="Unexpected error: Cannot invoke &amp;quot;org.openqa.selenium.SearchContext.findElement(org.openqa.selenium.By)&amp;quot; because &amp;quot;this.searchContext&amp;quot; is null">
      <![CDATA[java.lang.AssertionError: Unexpected error: Cannot invoke "org.openqa.selenium.SearchContext.findElement(org.openqa.selenium.By)" because "this.searchContext" is null
at testCases.TC2_Login.testLogin(TC2_Login.java:72)
at java.base/java.util.ArrayList.forEach(ArrayList.java:1596)
at java.base/java.util.concurrent.FutureTask.run(FutureTask.java:317)
at java.base/java.util.concurrent.ThreadPoolExecutor.runWorker(ThreadPoolExecutor.java:1144)
at java.base/java.util.concurrent.ThreadPoolExecutor$Worker.run(ThreadPoolExecutor.java:642)
at java.base/java.lang.Thread.run(Thread.java:1583)
... Removed 16 stack frames]]>
    </failure>
  </testcase> <!-- testLogin -->
  <testcase classname="testCases.TC2_Login" name="testLogin" time="0.002">
    <skipped/>
  </testcase> <!-- testLogin -->
  <testcase classname="testCases.TC2_Login" name="testLogin" time="0.003">
    <skipped/>
  </testcase> <!-- testLogin -->
  <testcase classname="testCases.TC2_Login" name="testLogin" time="0.004">
    <failure type="java.lang.AssertionError" message="Unexpected error: Cannot invoke &amp;quot;org.openqa.selenium.SearchContext.findElement(org.openqa.selenium.By)&amp;quot; because &amp;quot;this.searchContext&amp;quot; is null">
      <![CDATA[java.lang.AssertionError: Unexpected error: Cannot invoke "org.openqa.selenium.SearchContext.findElement(org.openqa.selenium.By)" because "this.searchContext" is null
at testCases.TC2_Login.testLogin(TC2_Login.java:72)
at java.base/java.util.ArrayList.forEach(ArrayList.java:1596)
at java.base/java.util.concurrent.FutureTask.run(FutureTask.java:317)
at java.base/java.util.concurrent.ThreadPoolExecutor.runWorker(ThreadPoolExecutor.java:1144)
at java.base/java.util.concurrent.ThreadPoolExecutor$Worker.run(ThreadPoolExecutor.java:642)
at java.base/java.lang.Thread.run(Thread.java:1583)
... Removed 16 stack frames]]>
    </failure>
  </testcase> <!-- testLogin -->
  <testcase classname="testCases.TC2_Login" name="testLogin" time="0.007">
    <skipped/>
  </testcase> <!-- testLogin -->
  <testcase classname="testCases.TC2_Login" name="testLogin" time="0.002">
    <skipped/>
  </testcase> <!-- testLogin -->
  <testcase classname="testCases.TC2_Login" name="testLogin" time="0.002">
    <failure type="java.lang.AssertionError" message="Unexpected error: Cannot invoke &amp;quot;org.openqa.selenium.SearchContext.findElement(org.openqa.selenium.By)&amp;quot; because &amp;quot;this.searchContext&amp;quot; is null">
      <![CDATA[java.lang.AssertionError: Unexpected error: Cannot invoke "org.openqa.selenium.SearchContext.findElement(org.openqa.selenium.By)" because "this.searchContext" is null
at testCases.TC2_Login.testLogin(TC2_Login.java:72)
at java.base/java.util.ArrayList.forEach(ArrayList.java:1596)
at java.base/java.util.concurrent.FutureTask.run(FutureTask.java:317)
at java.base/java.util.concurrent.ThreadPoolExecutor.runWorker(ThreadPoolExecutor.java:1144)
at java.base/java.util.concurrent.ThreadPoolExecutor$Worker.run(ThreadPoolExecutor.java:642)
at java.base/java.lang.Thread.run(Thread.java:1583)
... Removed 16 stack frames]]>
    </failure>
  </testcase> <!-- testLogin -->
  <testcase classname="testCases.TC2_Login" name="testLogin" time="0.001">
    <skipped/>
  </testcase> <!-- testLogin -->
  <testcase classname="testCases.TC2_Login" name="testLogin" time="0.003">
    <skipped/>
  </testcase> <!-- testLogin -->
  <testcase classname="testCases.TC2_Login" name="testLogin" time="0.001">
    <failure type="java.lang.AssertionError" message="Unexpected error: Cannot invoke &amp;quot;org.openqa.selenium.SearchContext.findElement(org.openqa.selenium.By)&amp;quot; because &amp;quot;this.searchContext&amp;quot; is null">
      <![CDATA[java.lang.AssertionError: Unexpected error: Cannot invoke "org.openqa.selenium.SearchContext.findElement(org.openqa.selenium.By)" because "this.searchContext" is null
at testCases.TC2_Login.testLogin(TC2_Login.java:72)
at java.base/java.util.ArrayList.forEach(ArrayList.java:1596)
at java.base/java.util.concurrent.FutureTask.run(FutureTask.java:317)
at java.base/java.util.concurrent.ThreadPoolExecutor.runWorker(ThreadPoolExecutor.java:1144)
at java.base/java.util.concurrent.ThreadPoolExecutor$Worker.run(ThreadPoolExecutor.java:642)
at java.base/java.lang.Thread.run(Thread.java:1583)
... Removed 16 stack frames]]>
    </failure>
  </testcase> <!-- testLogin -->
  <testcase classname="testCases.TC5_CompletePurchase" name="testCompletePurchase" time="0.004">
    <skipped/>
  </testcase> <!-- testCompletePurchase -->
  <testcase classname="testCases.TC5_CompletePurchase" name="testCompletePurchase" time="0.002">
    <skipped/>
  </testcase> <!-- testCompletePurchase -->
  <testcase classname="testCases.TC5_CompletePurchase" name="testCompletePurchase" time="0.001">
    <failure type="java.lang.AssertionError" message="Test failed due to unexpected error: Cannot invoke &amp;quot;org.openqa.selenium.JavascriptExecutor.executeScript(String, Object[])&amp;quot; because &amp;quot;this.driver&amp;quot; is null">
      <![CDATA[java.lang.AssertionError: Test failed due to unexpected error: Cannot invoke "org.openqa.selenium.JavascriptExecutor.executeScript(String, Object[])" because "this.driver" is null
at testCases.TC5_CompletePurchase.testCompletePurchase(TC5_CompletePurchase.java:82)
at java.base/java.util.ArrayList.forEach(ArrayList.java:1596)
at java.base/java.util.concurrent.FutureTask.run(FutureTask.java:317)
at java.base/java.util.concurrent.ThreadPoolExecutor.runWorker(ThreadPoolExecutor.java:1144)
at java.base/java.util.concurrent.ThreadPoolExecutor$Worker.run(ThreadPoolExecutor.java:642)
at java.base/java.lang.Thread.run(Thread.java:1583)
... Removed 16 stack frames]]>
    </failure>
  </testcase> <!-- testCompletePurchase -->
</testsuite> <!-- chrome -->
