<?xml version="1.0" encoding="UTF-8"?>
<!-- Generated by org.testng.reporters.JUnitXMLReporter -->
<testsuite ignored="0" hostname="Asra" failures="3" tests="16" name="firefoxTest" time="435.808" errors="0" timestamp="2025-08-01T00:35:56 EDT">
  <testcase classname="testCases.TC6_AddToWishList" name="testAddToWishList" time="0.035">
    <skipped/>
  </testcase> <!-- testAddToWishList -->
  <testcase classname="testCases.TC6_AddToWishList" name="testAddToWishList" time="0.002">
    <skipped/>
  </testcase> <!-- testAddToWishList -->
  <testcase classname="testCases.TC6_AddToWishList" name="testAddToWishList" time="0.003">
    <failure type="java.lang.AssertionError" message="Test failed due to unexpected error: Cannot invoke &amp;quot;org.openqa.selenium.SearchContext.findElement(org.openqa.selenium.By)&amp;quot; because &amp;quot;this.searchContext&amp;quot; is null">
      <![CDATA[java.lang.AssertionError: Test failed due to unexpected error: Cannot invoke "org.openqa.selenium.SearchContext.findElement(org.openqa.selenium.By)" because "this.searchContext" is null
at testCases.TC6_AddToWishList.testAddToWishList(TC6_AddToWishList.java:75)
at java.base/java.util.ArrayList.forEach(ArrayList.java:1596)
at java.base/java.util.concurrent.FutureTask.run(FutureTask.java:317)
at java.base/java.util.concurrent.ThreadPoolExecutor.runWorker(ThreadPoolExecutor.java:1144)
at java.base/java.util.concurrent.ThreadPoolExecutor$Worker.run(ThreadPoolExecutor.java:642)
at java.base/java.lang.Thread.run(Thread.java:1583)
... Removed 16 stack frames]]>
    </failure>
  </testcase> <!-- testAddToWishList -->
  <testcase classname="testCases.TC01_LaunchApplication" name="testLaunchApplication" time="0.017">
    <skipped/>
  </testcase> <!-- testLaunchApplication -->
  <testcase classname="testCases.TC01_LaunchApplication" name="testLaunchApplication" time="0.01">
    <skipped/>
  </testcase> <!-- testLaunchApplication -->
  <testcase classname="testCases.TC01_LaunchApplication" name="testLaunchApplication" time="0.006">
    <failure type="java.lang.AssertionError" message="Test failed due to unexpected error: Cannot invoke &amp;quot;org.openqa.selenium.WebDriver.getTitle()&amp;quot; because the return value of &amp;quot;testCases.TC01_LaunchApplication.getDriver()&amp;quot; is null">
      <![CDATA[java.lang.AssertionError: Test failed due to unexpected error: Cannot invoke "org.openqa.selenium.WebDriver.getTitle()" because the return value of "testCases.TC01_LaunchApplication.getDriver()" is null
at testCases.TC01_LaunchApplication.testLaunchApplication(TC01_LaunchApplication.java:42)
at java.base/java.util.ArrayList.forEach(ArrayList.java:1596)
at java.base/java.util.concurrent.FutureTask.run(FutureTask.java:317)
at java.base/java.util.concurrent.ThreadPoolExecutor.runWorker(ThreadPoolExecutor.java:1144)
at java.base/java.util.concurrent.ThreadPoolExecutor$Worker.run(ThreadPoolExecutor.java:642)
at java.base/java.lang.Thread.run(Thread.java:1583)
... Removed 16 stack frames]]>
    </failure>
  </testcase> <!-- testLaunchApplication -->
  <testcase classname="testCases.TC4_AddAffiliate" name="testAddAffiliate" time="4.354"/>
  <testcase classname="testCases.TC3_AddToCart" name="addtocart" time="4.252"/>
  <testcase classname="testCases.TC2_Login" name="testLogin" time="2.321"/>
  <testcase classname="testCases.TC2_Login" name="testLogin" time="1.827"/>
  <testcase classname="testCases.TC2_Login" name="testLogin" time="1.769"/>
  <testcase classname="testCases.TC2_Login" name="testLogin" time="1.807"/>
  <testcase classname="testCases.TC2_Login" name="testLogin" time="1.798"/>
  <testcase classname="testCases.TC5_CompletePurchase" name="testCompletePurchase" time="5.943">
    <skipped/>
  </testcase> <!-- testCompletePurchase -->
  <testcase classname="testCases.TC5_CompletePurchase" name="testCompletePurchase" time="1.677">
    <skipped/>
  </testcase> <!-- testCompletePurchase -->
  <testcase classname="testCases.TC5_CompletePurchase" name="testCompletePurchase" time="1.7">
    <failure type="java.lang.AssertionError" message="Test failed due to unexpected error: Element &amp;lt;a href=&amp;quot;https://www.cloudberrystore.services/index.php?route=product/product&amp;amp;language=en-gb&amp;amp;product_id=47&amp;quot;&amp;gt; could not be scrolled into view
Build info: version: &amp;apos;4.31.0&amp;apos;, revision: &amp;apos;1ef9f18787*&amp;apos;
System info: os.name: &amp;apos;Windows 11&amp;apos;, os.arch: &amp;apos;amd64&amp;apos;, os.version: &amp;apos;10.0&amp;apos;, java.version: &amp;apos;21.0.6&amp;apos;
Driver info: org.openqa.selenium.firefox.FirefoxDriver
Command: [3df85179-b3cb-433e-967b-919c1d7b5e80, clickElement {id=b939284f-bb56-4bdc-ac13-5a47a67699cc}]
Capabilities {acceptInsecureCerts: true, browserName: firefox, browserVersion: 141.0, moz:accessibilityChecks: false, moz:buildID: 20250717180000, moz:geckodriverVersion: 0.36.0, moz:headless: false, moz:platformVersion: 10.0, moz:processID: 40552, moz:profile: C:\Users\asran\AppData\Loca..., moz:shutdownTimeout: 60000, moz:webdriverClick: true, moz:windowless: false, pageLoadStrategy: normal, platformName: windows, proxy: Proxy(), setWindowRect: true, strictFileInteractability: false, timeouts: {implicit: 0, pageLoad: 300000, script: 30000}, unhandledPromptBehavior: dismiss and notify, userAgent: Mozilla/5.0 (Windows NT 10....}
Element: [[FirefoxDriver: firefox on windows (3df85179-b3cb-433e-967b-919c1d7b5e80)] -&amp;gt; xpath: //a[normalize-space()=&amp;apos;HP LP3065&amp;apos;]]
Session ID: 3df85179-b3cb-433e-967b-919c1d7b5e80">
      <![CDATA[java.lang.AssertionError: Test failed due to unexpected error: Element <a href="https://www.cloudberrystore.services/index.php?route=product/product&language=en-gb&product_id=47"> could not be scrolled into view
Build info: version: '4.31.0', revision: '1ef9f18787*'
System info: os.name: 'Windows 11', os.arch: 'amd64', os.version: '10.0', java.version: '21.0.6'
Driver info: org.openqa.selenium.firefox.FirefoxDriver
Command: [3df85179-b3cb-433e-967b-919c1d7b5e80, clickElement {id=b939284f-bb56-4bdc-ac13-5a47a67699cc}]
Capabilities {acceptInsecureCerts: true, browserName: firefox, browserVersion: 141.0, moz:accessibilityChecks: false, moz:buildID: 20250717180000, moz:geckodriverVersion: 0.36.0, moz:headless: false, moz:platformVersion: 10.0, moz:processID: 40552, moz:profile: C:\Users\asran\AppData\Loca..., moz:shutdownTimeout: 60000, moz:webdriverClick: true, moz:windowless: false, pageLoadStrategy: normal, platformName: windows, proxy: Proxy(), setWindowRect: true, strictFileInteractability: false, timeouts: {implicit: 0, pageLoad: 300000, script: 30000}, unhandledPromptBehavior: dismiss and notify, userAgent: Mozilla/5.0 (Windows NT 10....}
Element: [[FirefoxDriver: firefox on windows (3df85179-b3cb-433e-967b-919c1d7b5e80)] -> xpath: //a[normalize-space()='HP LP3065']]
Session ID: 3df85179-b3cb-433e-967b-919c1d7b5e80
at testCases.TC5_CompletePurchase.testCompletePurchase(TC5_CompletePurchase.java:82)
at java.base/java.util.ArrayList.forEach(ArrayList.java:1596)
at java.base/java.util.concurrent.FutureTask.run(FutureTask.java:317)
at java.base/java.util.concurrent.ThreadPoolExecutor.runWorker(ThreadPoolExecutor.java:1144)
at java.base/java.util.concurrent.ThreadPoolExecutor$Worker.run(ThreadPoolExecutor.java:642)
at java.base/java.lang.Thread.run(Thread.java:1583)
... Removed 16 stack frames]]>
    </failure>
  </testcase> <!-- testCompletePurchase -->
</testsuite> <!-- firefoxTest -->
