<?xml version="1.0" encoding="UTF-8"?>
<!-- Generated by org.testng.reporters.JUnitXMLReporter -->
<testsuite ignored="0" hostname="Asra" failures="2" tests="14" name="firefoxTest" time="91.957" errors="0" timestamp="2025-08-01T02:53:11 EDT">
  <testcase classname="testCases.TC6_AddToWishList" name="testAddToWishList" time="2.245">
    <skipped/>
  </testcase> <!-- testAddToWishList -->
  <testcase classname="testCases.TC6_AddToWishList" name="testAddToWishList" time="10.094">
    <skipped/>
  </testcase> <!-- testAddToWishList -->
  <testcase classname="testCases.TC6_AddToWishList" name="testAddToWishList" time="10.091">
    <failure type="java.lang.AssertionError" message="Test failed due to unexpected error: Unable to locate element: //a[normalize-space()=&amp;apos;Login&amp;apos;]
For documentation on this error, please visit: https://www.selenium.dev/documentation/webdriver/troubleshooting/errors#no-such-element-exception
Build info: version: &amp;apos;4.31.0&amp;apos;, revision: &amp;apos;1ef9f18787*&amp;apos;
System info: os.name: &amp;apos;Windows 10&amp;apos;, os.arch: &amp;apos;amd64&amp;apos;, os.version: &amp;apos;10.0&amp;apos;, java.version: &amp;apos;17&amp;apos;
Driver info: org.openqa.selenium.firefox.FirefoxDriver
Command: [5816002c-ec35-496f-9dde-1f5d19c993eb, findElement {value=//a[normalize-space()=&amp;apos;Login&amp;apos;], using=xpath}]
Capabilities {acceptInsecureCerts: true, browserName: firefox, browserVersion: 141.0, moz:accessibilityChecks: false, moz:buildID: 20250717180000, moz:geckodriverVersion: 0.36.0, moz:headless: false, moz:platformVersion: 10.0, moz:processID: 41064, moz:profile: C:\Users\asran\AppData\Loca..., moz:shutdownTimeout: 60000, moz:webdriverClick: true, moz:windowless: false, pageLoadStrategy: normal, platformName: windows, proxy: Proxy(), setWindowRect: true, strictFileInteractability: false, timeouts: {implicit: 0, pageLoad: 300000, script: 30000}, unhandledPromptBehavior: dismiss and notify, userAgent: Mozilla/5.0 (Windows NT 10....}
Session ID: 5816002c-ec35-496f-9dde-1f5d19c993eb">
      <![CDATA[java.lang.AssertionError: Test failed due to unexpected error: Unable to locate element: //a[normalize-space()='Login']
For documentation on this error, please visit: https://www.selenium.dev/documentation/webdriver/troubleshooting/errors#no-such-element-exception
Build info: version: '4.31.0', revision: '1ef9f18787*'
System info: os.name: 'Windows 10', os.arch: 'amd64', os.version: '10.0', java.version: '17'
Driver info: org.openqa.selenium.firefox.FirefoxDriver
Command: [5816002c-ec35-496f-9dde-1f5d19c993eb, findElement {value=//a[normalize-space()='Login'], using=xpath}]
Capabilities {acceptInsecureCerts: true, browserName: firefox, browserVersion: 141.0, moz:accessibilityChecks: false, moz:buildID: 20250717180000, moz:geckodriverVersion: 0.36.0, moz:headless: false, moz:platformVersion: 10.0, moz:processID: 41064, moz:profile: C:\Users\asran\AppData\Loca..., moz:shutdownTimeout: 60000, moz:webdriverClick: true, moz:windowless: false, pageLoadStrategy: normal, platformName: windows, proxy: Proxy(), setWindowRect: true, strictFileInteractability: false, timeouts: {implicit: 0, pageLoad: 300000, script: 30000}, unhandledPromptBehavior: dismiss and notify, userAgent: Mozilla/5.0 (Windows NT 10....}
Session ID: 5816002c-ec35-496f-9dde-1f5d19c993eb
at testCases.TC6_AddToWishList.testAddToWishList(TC6_AddToWishList.java:75)
at java.base/java.util.ArrayList.forEach(ArrayList.java:1511)
at java.base/java.util.concurrent.FutureTask.run(FutureTask.java:264)
at java.base/java.util.concurrent.ThreadPoolExecutor.runWorker(ThreadPoolExecutor.java:1136)
at java.base/java.util.concurrent.ThreadPoolExecutor$Worker.run(ThreadPoolExecutor.java:635)
at java.base/java.lang.Thread.run(Thread.java:833)
... Removed 18 stack frames]]>
    </failure>
  </testcase> <!-- testAddToWishList -->
  <testcase classname="testCases.TC01_LaunchApplication" name="testLaunchApplication" time="0.008"/>
  <testcase classname="testCases.TC4_AddAffiliate" name="testAddAffiliate" time="3.464"/>
  <testcase classname="testCases.TC3_AddToCart" name="addtocart" time="2.572"/>
  <testcase classname="testCases.TC2_Login" name="testLogin" time="2.111"/>
  <testcase classname="testCases.TC2_Login" name="testLogin" time="1.597"/>
  <testcase classname="testCases.TC2_Login" name="testLogin" time="1.634"/>
  <testcase classname="testCases.TC2_Login" name="testLogin" time="1.665"/>
  <testcase classname="testCases.TC2_Login" name="testLogin" time="1.644"/>
  <testcase classname="testCases.TC5_CompletePurchase" name="testCompletePurchase" time="5.566">
    <skipped/>
  </testcase> <!-- testCompletePurchase -->
  <testcase classname="testCases.TC5_CompletePurchase" name="testCompletePurchase" time="1.689">
    <skipped/>
  </testcase> <!-- testCompletePurchase -->
  <testcase classname="testCases.TC5_CompletePurchase" name="testCompletePurchase" time="13.829">
    <failure type="java.lang.AssertionError" message="Test failed due to unexpected error: Unable to locate element: //strong[normalize-space()=&amp;apos;login page&amp;apos;]
For documentation on this error, please visit: https://www.selenium.dev/documentation/webdriver/troubleshooting/errors#no-such-element-exception
Build info: version: &amp;apos;4.31.0&amp;apos;, revision: &amp;apos;1ef9f18787*&amp;apos;
System info: os.name: &amp;apos;Windows 10&amp;apos;, os.arch: &amp;apos;amd64&amp;apos;, os.version: &amp;apos;10.0&amp;apos;, java.version: &amp;apos;17&amp;apos;
Driver info: org.openqa.selenium.firefox.FirefoxDriver
Command: [22f43646-4e27-44cb-a5dd-9fa08a02af7e, findElement {value=//strong[normalize-space()=&amp;apos;login page&amp;apos;], using=xpath}]
Capabilities {acceptInsecureCerts: true, browserName: firefox, browserVersion: 141.0, moz:accessibilityChecks: false, moz:buildID: 20250717180000, moz:geckodriverVersion: 0.36.0, moz:headless: false, moz:platformVersion: 10.0, moz:processID: 38736, moz:profile: C:\Users\asran\AppData\Loca..., moz:shutdownTimeout: 60000, moz:webdriverClick: true, moz:windowless: false, pageLoadStrategy: normal, platformName: windows, proxy: Proxy(), setWindowRect: true, strictFileInteractability: false, timeouts: {implicit: 0, pageLoad: 300000, script: 30000}, unhandledPromptBehavior: dismiss and notify, userAgent: Mozilla/5.0 (Windows NT 10....}
Session ID: 22f43646-4e27-44cb-a5dd-9fa08a02af7e">
      <![CDATA[java.lang.AssertionError: Test failed due to unexpected error: Unable to locate element: //strong[normalize-space()='login page']
For documentation on this error, please visit: https://www.selenium.dev/documentation/webdriver/troubleshooting/errors#no-such-element-exception
Build info: version: '4.31.0', revision: '1ef9f18787*'
System info: os.name: 'Windows 10', os.arch: 'amd64', os.version: '10.0', java.version: '17'
Driver info: org.openqa.selenium.firefox.FirefoxDriver
Command: [22f43646-4e27-44cb-a5dd-9fa08a02af7e, findElement {value=//strong[normalize-space()='login page'], using=xpath}]
Capabilities {acceptInsecureCerts: true, browserName: firefox, browserVersion: 141.0, moz:accessibilityChecks: false, moz:buildID: 20250717180000, moz:geckodriverVersion: 0.36.0, moz:headless: false, moz:platformVersion: 10.0, moz:processID: 38736, moz:profile: C:\Users\asran\AppData\Loca..., moz:shutdownTimeout: 60000, moz:webdriverClick: true, moz:windowless: false, pageLoadStrategy: normal, platformName: windows, proxy: Proxy(), setWindowRect: true, strictFileInteractability: false, timeouts: {implicit: 0, pageLoad: 300000, script: 30000}, unhandledPromptBehavior: dismiss and notify, userAgent: Mozilla/5.0 (Windows NT 10....}
Session ID: 22f43646-4e27-44cb-a5dd-9fa08a02af7e
at testCases.TC5_CompletePurchase.testCompletePurchase(TC5_CompletePurchase.java:82)
at java.base/java.util.ArrayList.forEach(ArrayList.java:1511)
at java.base/java.util.concurrent.FutureTask.run(FutureTask.java:264)
at java.base/java.util.concurrent.ThreadPoolExecutor.runWorker(ThreadPoolExecutor.java:1136)
at java.base/java.util.concurrent.ThreadPoolExecutor$Worker.run(ThreadPoolExecutor.java:635)
at java.base/java.lang.Thread.run(Thread.java:833)
... Removed 18 stack frames]]>
    </failure>
  </testcase> <!-- testCompletePurchase -->
</testsuite> <!-- firefoxTest -->
